<?xml version="1.0" encoding="UTF-8"?>
<!-- Generated by org.testng.reporters.JUnitXMLReporter -->
<testsuite ignored="1" hostname="DESKTOP-D4ING0F" failures="1" tests="2" name="Test_Edge" time="35.227" errors="0" timestamp="2022-11-01T00:09:43 IST">
  <testcase classname="com.Test.Test1" name="m1" time="2.856">
    <failure type="java.lang.AssertionError" message="expected [Home Page] but found [Facebook – log in or sign up]">
      <![CDATA[java.lang.AssertionError: expected [Home Page] but found [Facebook – log in or sign up]
at com.Test.Test1.m1(Test1.java:25)
at java.base/java.util.ArrayList.forEach(ArrayList.java:1511)
... Removed 31 stack frames]]>
    </failure>
  </testcase> <!-- m1 -->
  <testcase classname="com.Test.Test11" name="m2" time="0.002"/>
  <testcase classname="com.Utility.BaseClass" name="@BeforeSuite bs" time="0.0">
    <ignored/>
  </testcase> <!-- @BeforeSuite bs -->
</testsuite> <!-- Test_Edge -->
